🚀 Starting backend unit movement simulation...
🔄 Simulation cycle running at 2025-12-25 11:03:45.392637
✅ Backend simulation started successfully!
📊 Found 2 assigned emergencies
🔄 Started NEW simulation for Unit 10 to Emergency 101
🚑 Unit 10: DEPARTED (0.0%) - Emergency 101
🔄 Started NEW simulation for Unit 9 to Emergency 102
🚑 Unit 9: DEPARTED (0.0%) - Emergency 102
 * Serving Flask app 'app'
 * Debug mode: on
[31m[1mWARNING: This is a development server. Do not use it in a production deployment. Use a production WSGI server instead.[0m
 * Running on all addresses (0.0.0.0)
 * Running on http://127.0.0.1:5001
 * Running on http://192.168.1.19:5001
[33mPress CTRL+C to quit[0m
 * Restarting with stat
 * Debugger is active!
 * Debugger PIN: 132-954-447
🚀 Starting backend unit movement simulation...
🔄 Simulation cycle running at 2025-12-25 11:03:46.214441
✅ Backend simulation started successfully!
📊 Found 2 assigned emergencies
🔄 Started NEW simulation for Unit 10 to Emergency 101
🚑 Unit 10: DEPARTED (0.0%) - Emergency 101
🔄 Started NEW simulation for Unit 9 to Emergency 102
🚑 Unit 9: DEPARTED (0.0%) - Emergency 102
Traceback (most recent call last):
  File "/Users/khushalpatil/Desktop/EROS/backend/app.py", line 90, in <module>
    socketio.run(app, debug=True, port=5001, host='0.0.0.0')
    ~~~~~~~~~~~~^^^^^^^^^^^^^^^^^^^^^^^^^^^^^^^^^^^^^^^^^^^^
  File "/Users/khushalpatil/Desktop/EROS/.venv/lib/python3.14/site-packages/flask_socketio/__init__.py", line 650, in run
    app.run(host=host, port=port, threaded=True,
    ~~~~~~~^^^^^^^^^^^^^^^^^^^^^^^^^^^^^^^^^^^^^
            use_reloader=use_reloader, **reloader_options, **kwargs)
            ^^^^^^^^^^^^^^^^^^^^^^^^^^^^^^^^^^^^^^^^^^^^^^^^^^^^^^^^
  File "/Users/khushalpatil/Desktop/EROS/.venv/lib/python3.14/site-packages/flask/app.py", line 662, in run
    run_simple(t.cast(str, host), port, self, **options)
    ~~~~~~~~~~^^^^^^^^^^^^^^^^^^^^^^^^^^^^^^^^^^^^^^^^^^
  File "/Users/khushalpatil/Desktop/EROS/.venv/lib/python3.14/site-packages/werkzeug/serving.py", line 1115, in run_simple
    run_with_reloader(
    ~~~~~~~~~~~~~~~~~^
        srv.serve_forever,
        ^^^^^^^^^^^^^^^^^^
    ...<3 lines>...
        reloader_type=reloader_type,
        ^^^^^^^^^^^^^^^^^^^^^^^^^^^^
    )
    ^
  File "/Users/khushalpatil/Desktop/EROS/.venv/lib/python3.14/site-packages/werkzeug/_reloader.py", line 453, in run_with_reloader
    ensure_echo_on()
    ~~~~~~~~~~~~~~^^
  File "/Users/khushalpatil/Desktop/EROS/.venv/lib/python3.14/site-packages/werkzeug/_reloader.py", line 433, in ensure_echo_on
    termios.tcsetattr(sys.stdin, termios.TCSANOW, attributes)
    ~~~~~~~~~~~~~~~~~^^^^^^^^^^^^^^^^^^^^^^^^^^^^^^^^^^^^^^^^
termios.error: (4, 'Interrupted system call')
🔄 Simulation cycle running at 2025-12-25 11:05:28.436928
🔄 Simulation cycle running at 2025-12-25 11:05:28.436499
📊 Found 2 assigned emergencies
🔄 Continuing Unit 10 simulation: 2.0%
🚑 Unit 10: DEPARTED (2.0%) - Emergency 101
